{"total": {"lines":{"total":16,"covered":15,"skipped":0,"pct":93.75},"statements":{"total":16,"covered":15,"skipped":0,"pct":93.75},"functions":{"total":1,"covered":1,"skipped":0,"pct":100},"branches":{"total":2,"covered":2,"skipped":0,"pct":100},"branchesTrue":{"total":0,"covered":0,"skipped":0,"pct":"Unknown"}}
,"D:\\PROJECTS\\NODE-JS\\realworld_api\\config\\database.js": {"lines":{"total":16,"covered":15,"skipped":0,"pct":93.75},"functions":{"total":1,"covered":1,"skipped":0,"pct":100},"statements":{"total":16,"covered":15,"skipped":0,"pct":93.75},"branches":{"total":2,"covered":2,"skipped":0,"pct":100}}
}
