{"total": {"lines":{"total":76,"covered":69,"skipped":0,"pct":90.78},"statements":{"total":76,"covered":69,"skipped":0,"pct":90.78},"functions":{"total":3,"covered":3,"skipped":0,"pct":100},"branches":{"total":11,"covered":10,"skipped":0,"pct":90.9},"branchesTrue":{"total":0,"covered":0,"skipped":0,"pct":100}}
,"D:\\PROJECTS\\NODE-JS\\realworld_api\\__tests__\\unit\\config\\database.test.js": {"lines":{"total":60,"covered":54,"skipped":0,"pct":90},"functions":{"total":1,"covered":1,"skipped":0,"pct":100},"statements":{"total":60,"covered":54,"skipped":0,"pct":90},"branches":{"total":7,"covered":6,"skipped":0,"pct":85.71}}
,"D:\\PROJECTS\\NODE-JS\\realworld_api\\config\\database.js": {"lines":{"total":16,"covered":15,"skipped":0,"pct":93.75},"functions":{"total":2,"covered":2,"skipped":0,"pct":100},"statements":{"total":16,"covered":15,"skipped":0,"pct":93.75},"branches":{"total":4,"covered":4,"skipped":0,"pct":100}}
}
