TN:
SF:__tests__\unit\config\database.test.js
FN:1,Object.<anonymous>
FNF:1
FNH:1
FNDA:1,Object.<anonymous>
DA:1,1
DA:2,1
DA:3,1
DA:4,1
DA:5,1
DA:6,1
DA:7,1
DA:8,1
DA:9,1
DA:10,0
DA:11,0
DA:12,0
DA:13,1
DA:14,1
DA:15,1
DA:16,1
DA:17,1
DA:18,1
DA:19,1
DA:20,1
DA:21,1
DA:22,1
DA:23,1
DA:24,1
DA:25,1
DA:26,1
DA:27,1
DA:28,1
DA:29,1
DA:30,1
DA:31,1
DA:32,1
DA:33,1
DA:34,1
DA:35,1
DA:36,1
DA:37,1
DA:38,1
DA:39,1
DA:40,1
DA:41,1
DA:42,1
DA:43,1
DA:44,1
DA:45,1
DA:46,1
DA:47,1
DA:48,1
DA:49,1
DA:50,1
DA:51,1
DA:52,1
DA:53,1
DA:54,1
DA:55,1
DA:56,0
DA:57,0
DA:58,0
DA:59,1
DA:60,1
LF:60
LH:54
BRDA:1,0,0,1
BRDA:1,1,0,1
BRDA:20,2,0,1
BRDA:21,3,0,1
BRDA:36,4,0,1
BRDA:48,5,0,1
BRDA:55,6,0,0
BRF:7
BRH:6
end_of_record
TN:
SF:config\database.js
FN:1,Object.<anonymous>
FN:3,connect
FNF:2
FNH:2
FNDA:1,Object.<anonymous>
FNDA:3,connect
DA:1,1
DA:2,1
DA:3,1
DA:4,3
DA:5,3
DA:6,3
DA:7,3
DA:8,3
DA:9,3
DA:10,0
DA:11,3
DA:12,3
DA:13,1
DA:14,3
DA:15,1
DA:16,1
LF:16
LH:15
BRDA:1,0,0,1
BRDA:1,1,0,1
BRDA:3,2,0,3
BRDA:12,3,0,1
BRF:4
BRH:4
end_of_record
